{"/Users/lijinggao/Downloads/AI_music_v0.1/frontend/src/components/MusicDetails.tsx": {"path":"/Users/lijinggao/Downloads/AI_music_v0.1/frontend/src/components/MusicDetails.tsx","statementMap":{"0":{"start":{"line":11,"column":16},"end":{"line":11,"column":29}},"1":{"start":{"line":3,"column":43},"end":{"line":3,"column":null}},"2":{"start":{"line":4,"column":29},"end":{"line":4,"column":null}},"3":{"start":{"line":12,"column":28},"end":{"line":12,"column":null}},"4":{"start":{"line":13,"column":32},"end":{"line":13,"column":null}},"5":{"start":{"line":14,"column":28},"end":{"line":14,"column":null}},"6":{"start":{"line":16,"column":2},"end":{"line":37,"column":null}},"7":{"start":{"line":17,"column":4},"end":{"line":21,"column":null}},"8":{"start":{"line":18,"column":6},"end":{"line":18,"column":null}},"9":{"start":{"line":19,"column":6},"end":{"line":19,"column":null}},"10":{"start":{"line":20,"column":6},"end":{"line":20,"column":null}},"11":{"start":{"line":23,"column":30},"end":{"line":34,"column":null}},"12":{"start":{"line":24,"column":6},"end":{"line":33,"column":null}},"13":{"start":{"line":25,"column":8},"end":{"line":25,"column":null}},"14":{"start":{"line":26,"column":21},"end":{"line":26,"column":null}},"15":{"start":{"line":27,"column":8},"end":{"line":27,"column":null}},"16":{"start":{"line":28,"column":8},"end":{"line":28,"column":null}},"17":{"start":{"line":30,"column":8},"end":{"line":30,"column":null}},"18":{"start":{"line":32,"column":8},"end":{"line":32,"column":null}},"19":{"start":{"line":36,"column":4},"end":{"line":36,"column":null}},"20":{"start":{"line":39,"column":2},"end":{"line":46,"column":null}},"21":{"start":{"line":40,"column":4},"end":{"line":43,"column":null}},"22":{"start":{"line":48,"column":2},"end":{"line":54,"column":null}},"23":{"start":{"line":49,"column":4},"end":{"line":51,"column":null}},"24":{"start":{"line":56,"column":2},"end":{"line":58,"column":null}},"25":{"start":{"line":57,"column":4},"end":{"line":57,"column":null}},"26":{"start":{"line":60,"column":23},"end":{"line":68,"column":null}},"27":{"start":{"line":61,"column":45},"end":{"line":66,"column":null}},"28":{"start":{"line":67,"column":4},"end":{"line":67,"column":null}},"29":{"start":{"line":70,"column":2},"end":{"line":102,"column":null}}},"fnMap":{"0":{"name":"MusicDetails","decl":{"start":{"line":11,"column":16},"end":{"line":11,"column":29}},"loc":{"start":{"line":11,"column":59},"end":{"line":109,"column":null}}},"1":{"name":"(anonymous_5)","decl":{"start":{"line":16,"column":12},"end":{"line":16,"column":null}},"loc":{"start":{"line":16,"column":12},"end":{"line":37,"column":5}}},"2":{"name":"(anonymous_6)","decl":{"start":{"line":23,"column":30},"end":{"line":23,"column":null}},"loc":{"start":{"line":23,"column":30},"end":{"line":34,"column":null}}},"3":{"name":"(anonymous_7)","decl":{"start":{"line":60,"column":23},"end":{"line":60,"column":24}},"loc":{"start":{"line":60,"column":24},"end":{"line":68,"column":null}}}},"branchMap":{"0":{"loc":{"start":{"line":17,"column":4},"end":{"line":21,"column":null}},"type":"if","locations":[{"start":{"line":17,"column":4},"end":{"line":21,"column":null}}]},"1":{"loc":{"start":{"line":30,"column":17},"end":{"line":30,"column":null}},"type":"cond-expr","locations":[{"start":{"line":30,"column":40},"end":{"line":30,"column":51}},{"start":{"line":30,"column":54},"end":{"line":30,"column":null}}]},"2":{"loc":{"start":{"line":39,"column":2},"end":{"line":46,"column":null}},"type":"if","locations":[{"start":{"line":39,"column":2},"end":{"line":46,"column":null}}]},"3":{"loc":{"start":{"line":48,"column":2},"end":{"line":54,"column":null}},"type":"if","locations":[{"start":{"line":48,"column":2},"end":{"line":54,"column":null}}]},"4":{"loc":{"start":{"line":56,"column":2},"end":{"line":58,"column":null}},"type":"if","locations":[{"start":{"line":56,"column":2},"end":{"line":58,"column":null}}]},"5":{"loc":{"start":{"line":67,"column":11},"end":{"line":67,"column":null}},"type":"binary-expr","locations":[{"start":{"line":67,"column":11},"end":{"line":67,"column":26}},{"start":{"line":67,"column":30},"end":{"line":67,"column":null}}]},"6":{"loc":{"start":{"line":72,"column":47},"end":{"line":72,"column":null}},"type":"binary-expr","locations":[{"start":{"line":72,"column":47},"end":{"line":72,"column":58}},{"start":{"line":72,"column":62},"end":{"line":72,"column":null}}]},"7":{"loc":{"start":{"line":98,"column":7},"end":{"line":102,"column":null}},"type":"binary-expr","locations":[{"start":{"line":98,"column":7},"end":{"line":98,"column":16}},{"start":{"line":99,"column":8},"end":{"line":102,"column":null}}]}},"s":{"0":3,"1":1,"2":1,"3":6,"4":6,"5":6,"6":6,"7":3,"8":1,"9":1,"10":1,"11":2,"12":2,"13":2,"14":2,"15":1,"16":1,"17":1,"18":2,"19":2,"20":6,"21":3,"22":3,"23":2,"24":1,"25":0,"26":1,"27":1,"28":1,"29":1},"f":{"0":6,"1":3,"2":2,"3":1},"b":{"0":[1],"1":[1,0],"2":[3],"3":[2],"4":[0],"5":[1,0],"6":[1,0],"7":[1,1]}}
,"/Users/lijinggao/Downloads/AI_music_v0.1/frontend/src/components/MusicGenerationForm.tsx": {"path":"/Users/lijinggao/Downloads/AI_music_v0.1/frontend/src/components/MusicGenerationForm.tsx","statementMap":{"0":{"start":{"line":12,"column":16},"end":{"line":12,"column":36}},"1":{"start":{"line":3,"column":32},"end":{"line":3,"column":null}},"2":{"start":{"line":4,"column":29},"end":{"line":4,"column":null}},"3":{"start":{"line":13,"column":34},"end":{"line":17,"column":null}},"4":{"start":{"line":18,"column":36},"end":{"line":18,"column":null}},"5":{"start":{"line":20,"column":23},"end":{"line":32,"column":null}},"6":{"start":{"line":21,"column":4},"end":{"line":21,"column":null}},"7":{"start":{"line":22,"column":4},"end":{"line":22,"column":null}},"8":{"start":{"line":24,"column":4},"end":{"line":31,"column":null}},"9":{"start":{"line":25,"column":20},"end":{"line":25,"column":null}},"10":{"start":{"line":26,"column":6},"end":{"line":26,"column":null}},"11":{"start":{"line":28,"column":6},"end":{"line":28,"column":null}},"12":{"start":{"line":30,"column":6},"end":{"line":30,"column":null}},"13":{"start":{"line":34,"column":23},"end":{"line":40,"column":null}},"14":{"start":{"line":35,"column":28},"end":{"line":35,"column":36}},"15":{"start":{"line":36,"column":4},"end":{"line":39,"column":null}},"16":{"start":{"line":36,"column":25},"end":{"line":39,"column":null}},"17":{"start":{"line":42,"column":2},"end":{"line":100,"column":null}}},"fnMap":{"0":{"name":"MusicGenerationForm","decl":{"start":{"line":12,"column":16},"end":{"line":12,"column":36}},"loc":{"start":{"line":12,"column":84},"end":{"line":104,"column":null}}},"1":{"name":"(anonymous_5)","decl":{"start":{"line":20,"column":23},"end":{"line":20,"column":30}},"loc":{"start":{"line":20,"column":30},"end":{"line":32,"column":null}}},"2":{"name":"(anonymous_6)","decl":{"start":{"line":34,"column":23},"end":{"line":34,"column":24}},"loc":{"start":{"line":34,"column":24},"end":{"line":40,"column":null}}},"3":{"name":"(anonymous_7)","decl":{"start":{"line":36,"column":16},"end":{"line":36,"column":25}},"loc":{"start":{"line":36,"column":25},"end":{"line":39,"column":null}}}},"branchMap":{"0":{"loc":{"start":{"line":38,"column":14},"end":{"line":38,"column":null}},"type":"cond-expr","locations":[{"start":{"line":38,"column":36},"end":{"line":38,"column":54}},{"start":{"line":38,"column":54},"end":{"line":38,"column":null}}]},"1":{"loc":{"start":{"line":100,"column":9},"end":{"line":100,"column":null}},"type":"cond-expr","locations":[{"start":{"line":100,"column":21},"end":{"line":100,"column":32}},{"start":{"line":100,"column":32},"end":{"line":100,"column":null}}]}},"s":{"0":3,"1":1,"2":1,"3":10,"4":10,"5":10,"6":2,"7":2,"8":2,"9":2,"10":1,"11":1,"12":2,"13":10,"14":3,"15":3,"16":3,"17":10},"f":{"0":10,"1":2,"2":3,"3":3},"b":{"0":[0,3],"1":[2,8]}}
,"/Users/lijinggao/Downloads/AI_music_v0.1/frontend/src/components/MusicList.tsx": {"path":"/Users/lijinggao/Downloads/AI_music_v0.1/frontend/src/components/MusicList.tsx","statementMap":{"0":{"start":{"line":12,"column":16},"end":{"line":12,"column":26}},"1":{"start":{"line":3,"column":43},"end":{"line":3,"column":null}},"2":{"start":{"line":4,"column":29},"end":{"line":4,"column":null}},"3":{"start":{"line":6,"column":26},"end":{"line":6,"column":null}},"4":{"start":{"line":13,"column":36},"end":{"line":13,"column":null}},"5":{"start":{"line":14,"column":32},"end":{"line":14,"column":null}},"6":{"start":{"line":15,"column":28},"end":{"line":15,"column":null}},"7":{"start":{"line":16,"column":26},"end":{"line":16,"column":null}},"8":{"start":{"line":17,"column":28},"end":{"line":17,"column":null}},"9":{"start":{"line":19,"column":21},"end":{"line":31,"column":null}},"10":{"start":{"line":20,"column":4},"end":{"line":30,"column":null}},"11":{"start":{"line":21,"column":6},"end":{"line":21,"column":null}},"12":{"start":{"line":22,"column":23},"end":{"line":22,"column":null}},"13":{"start":{"line":23,"column":6},"end":{"line":23,"column":null}},"14":{"start":{"line":24,"column":6},"end":{"line":24,"column":null}},"15":{"start":{"line":25,"column":6},"end":{"line":25,"column":null}},"16":{"start":{"line":27,"column":6},"end":{"line":27,"column":null}},"17":{"start":{"line":29,"column":6},"end":{"line":29,"column":null}},"18":{"start":{"line":33,"column":2},"end":{"line":35,"column":null}},"19":{"start":{"line":34,"column":4},"end":{"line":34,"column":null}},"20":{"start":{"line":37,"column":25},"end":{"line":41,"column":null}},"21":{"start":{"line":38,"column":4},"end":{"line":40,"column":null}},"22":{"start":{"line":39,"column":6},"end":{"line":39,"column":null}},"23":{"start":{"line":43,"column":25},"end":{"line":48,"column":null}},"24":{"start":{"line":44,"column":23},"end":{"line":44,"column":null}},"25":{"start":{"line":45,"column":4},"end":{"line":47,"column":null}},"26":{"start":{"line":46,"column":6},"end":{"line":46,"column":null}},"27":{"start":{"line":50,"column":2},"end":{"line":57,"column":null}},"28":{"start":{"line":51,"column":4},"end":{"line":54,"column":null}},"29":{"start":{"line":59,"column":2},"end":{"line":65,"column":null}},"30":{"start":{"line":60,"column":4},"end":{"line":62,"column":null}},"31":{"start":{"line":67,"column":2},"end":{"line":73,"column":null}},"32":{"start":{"line":68,"column":4},"end":{"line":69,"column":null}},"33":{"start":{"line":75,"column":23},"end":{"line":83,"column":null}},"34":{"start":{"line":76,"column":45},"end":{"line":81,"column":null}},"35":{"start":{"line":82,"column":4},"end":{"line":82,"column":null}},"36":{"start":{"line":85,"column":21},"end":{"line":85,"column":null}},"37":{"start":{"line":86,"column":22},"end":{"line":86,"column":null}},"38":{"start":{"line":87,"column":22},"end":{"line":87,"column":null}},"39":{"start":{"line":89,"column":2},"end":{"line":126,"column":null}},"40":{"start":{"line":93,"column":10},"end":{"line":104,"column":null}},"41":{"start":{"line":97,"column":27},"end":{"line":97,"column":null}}},"fnMap":{"0":{"name":"MusicList","decl":{"start":{"line":12,"column":16},"end":{"line":12,"column":26}},"loc":{"start":{"line":12,"column":59},"end":{"line":132,"column":null}}},"1":{"name":"(anonymous_5)","decl":{"start":{"line":19,"column":21},"end":{"line":19,"column":null}},"loc":{"start":{"line":19,"column":21},"end":{"line":31,"column":null}}},"2":{"name":"(anonymous_6)","decl":{"start":{"line":33,"column":12},"end":{"line":33,"column":null}},"loc":{"start":{"line":33,"column":12},"end":{"line":35,"column":5}}},"3":{"name":"(anonymous_7)","decl":{"start":{"line":37,"column":25},"end":{"line":37,"column":null}},"loc":{"start":{"line":37,"column":25},"end":{"line":41,"column":null}}},"4":{"name":"(anonymous_8)","decl":{"start":{"line":43,"column":25},"end":{"line":43,"column":null}},"loc":{"start":{"line":43,"column":25},"end":{"line":48,"column":null}}},"5":{"name":"(anonymous_9)","decl":{"start":{"line":75,"column":23},"end":{"line":75,"column":24}},"loc":{"start":{"line":75,"column":24},"end":{"line":83,"column":null}}},"6":{"name":"(anonymous_10)","decl":{"start":{"line":92,"column":23},"end":{"line":92,"column":null}},"loc":{"start":{"line":93,"column":10},"end":{"line":104,"column":null}}},"7":{"name":"(anonymous_11)","decl":{"start":{"line":97,"column":21},"end":{"line":97,"column":27}},"loc":{"start":{"line":97,"column":27},"end":{"line":97,"column":null}}}},"branchMap":{"0":{"loc":{"start":{"line":27,"column":15},"end":{"line":27,"column":null}},"type":"cond-expr","locations":[{"start":{"line":27,"column":38},"end":{"line":27,"column":49}},{"start":{"line":27,"column":52},"end":{"line":27,"column":null}}]},"1":{"loc":{"start":{"line":38,"column":4},"end":{"line":40,"column":null}},"type":"if","locations":[{"start":{"line":38,"column":4},"end":{"line":40,"column":null}}]},"2":{"loc":{"start":{"line":45,"column":4},"end":{"line":47,"column":null}},"type":"if","locations":[{"start":{"line":45,"column":4},"end":{"line":47,"column":null}}]},"3":{"loc":{"start":{"line":50,"column":2},"end":{"line":57,"column":null}},"type":"if","locations":[{"start":{"line":50,"column":2},"end":{"line":57,"column":null}}]},"4":{"loc":{"start":{"line":59,"column":2},"end":{"line":65,"column":null}},"type":"if","locations":[{"start":{"line":59,"column":2},"end":{"line":65,"column":null}}]},"5":{"loc":{"start":{"line":67,"column":2},"end":{"line":73,"column":null}},"type":"if","locations":[{"start":{"line":67,"column":2},"end":{"line":73,"column":null}}]},"6":{"loc":{"start":{"line":82,"column":11},"end":{"line":82,"column":null}},"type":"binary-expr","locations":[{"start":{"line":82,"column":11},"end":{"line":82,"column":26}},{"start":{"line":82,"column":30},"end":{"line":82,"column":null}}]},"7":{"loc":{"start":{"line":97,"column":27},"end":{"line":97,"column":null}},"type":"cond-expr","locations":[{"start":{"line":97,"column":27},"end":{"line":97,"column":43}},{"start":{"line":97,"column":27},"end":{"line":97,"column":null}}]},"8":{"loc":{"start":{"line":97,"column":27},"end":{"line":97,"column":43}},"type":"binary-expr","locations":[{"start":{"line":97,"column":27},"end":{"line":97,"column":43}},{"start":{"line":97,"column":27},"end":{"line":97,"column":43}}]},"9":{"loc":{"start":{"line":99,"column":56},"end":{"line":99,"column":null}},"type":"binary-expr","locations":[{"start":{"line":99,"column":56},"end":{"line":99,"column":67}},{"start":{"line":99,"column":71},"end":{"line":99,"column":null}}]}},"s":{"0":10,"1":2,"2":2,"3":2,"4":23,"5":23,"6":23,"7":23,"8":23,"9":23,"10":10,"11":10,"12":10,"13":8,"14":8,"15":8,"16":1,"17":9,"18":23,"19":10,"20":23,"21":0,"22":0,"23":23,"24":2,"25":2,"26":2,"27":23,"28":10,"29":13,"30":1,"31":12,"32":1,"33":11,"34":20,"35":20,"36":11,"37":11,"38":11,"39":11,"40":20,"41":2},"f":{"0":23,"1":10,"2":10,"3":0,"4":2,"5":20,"6":20,"7":2},"b":{"0":[1,0],"1":[0],"2":[2],"3":[10],"4":[1],"5":[1],"6":[20,11],"7":[0,2],"8":[2,2],"9":[20,0]}}
,"/Users/lijinggao/Downloads/AI_music_v0.1/frontend/src/components/MusicPlayer.tsx": {"path":"/Users/lijinggao/Downloads/AI_music_v0.1/frontend/src/components/MusicPlayer.tsx","statementMap":{"0":{"start":{"line":14,"column":16},"end":{"line":14,"column":28}},"1":{"start":{"line":3,"column":51},"end":{"line":3,"column":null}},"2":{"start":{"line":4,"column":71},"end":{"line":4,"column":null}},"3":{"start":{"line":15,"column":19},"end":{"line":15,"column":null}},"4":{"start":{"line":16,"column":36},"end":{"line":16,"column":null}},"5":{"start":{"line":17,"column":36},"end":{"line":17,"column":null}},"6":{"start":{"line":18,"column":40},"end":{"line":18,"column":null}},"7":{"start":{"line":19,"column":34},"end":{"line":19,"column":null}},"8":{"start":{"line":20,"column":30},"end":{"line":20,"column":null}},"9":{"start":{"line":21,"column":32},"end":{"line":21,"column":null}},"10":{"start":{"line":23,"column":2},"end":{"line":27,"column":null}},"11":{"start":{"line":24,"column":4},"end":{"line":26,"column":null}},"12":{"start":{"line":25,"column":6},"end":{"line":25,"column":null}},"13":{"start":{"line":29,"column":2},"end":{"line":34,"column":null}},"14":{"start":{"line":30,"column":4},"end":{"line":30,"column":null}},"15":{"start":{"line":31,"column":4},"end":{"line":31,"column":null}},"16":{"start":{"line":32,"column":4},"end":{"line":32,"column":null}},"17":{"start":{"line":33,"column":4},"end":{"line":33,"column":null}},"18":{"start":{"line":36,"column":21},"end":{"line":49,"column":null}},"19":{"start":{"line":37,"column":4},"end":{"line":48,"column":null}},"20":{"start":{"line":38,"column":6},"end":{"line":47,"column":null}},"21":{"start":{"line":39,"column":8},"end":{"line":43,"column":null}},"22":{"start":{"line":40,"column":10},"end":{"line":40,"column":null}},"23":{"start":{"line":42,"column":10},"end":{"line":42,"column":null}},"24":{"start":{"line":44,"column":8},"end":{"line":44,"column":null}},"25":{"start":{"line":46,"column":8},"end":{"line":46,"column":null}},"26":{"start":{"line":51,"column":27},"end":{"line":55,"column":null}},"27":{"start":{"line":52,"column":4},"end":{"line":54,"column":null}},"28":{"start":{"line":53,"column":6},"end":{"line":53,"column":null}},"29":{"start":{"line":57,"column":27},"end":{"line":62,"column":null}},"30":{"start":{"line":58,"column":4},"end":{"line":61,"column":null}},"31":{"start":{"line":59,"column":6},"end":{"line":59,"column":null}},"32":{"start":{"line":60,"column":6},"end":{"line":60,"column":null}},"33":{"start":{"line":64,"column":21},"end":{"line":70,"column":null}},"34":{"start":{"line":65,"column":17},"end":{"line":65,"column":null}},"35":{"start":{"line":66,"column":4},"end":{"line":69,"column":null}},"36":{"start":{"line":67,"column":6},"end":{"line":67,"column":null}},"37":{"start":{"line":68,"column":6},"end":{"line":68,"column":null}},"38":{"start":{"line":72,"column":29},"end":{"line":76,"column":null}},"39":{"start":{"line":73,"column":18},"end":{"line":73,"column":null}},"40":{"start":{"line":74,"column":4},"end":{"line":74,"column":null}},"41":{"start":{"line":75,"column":4},"end":{"line":75,"column":null}},"42":{"start":{"line":78,"column":21},"end":{"line":88,"column":null}},"43":{"start":{"line":79,"column":4},"end":{"line":87,"column":null}},"44":{"start":{"line":80,"column":6},"end":{"line":86,"column":null}},"45":{"start":{"line":81,"column":8},"end":{"line":81,"column":null}},"46":{"start":{"line":82,"column":8},"end":{"line":82,"column":null}},"47":{"start":{"line":84,"column":8},"end":{"line":84,"column":null}},"48":{"start":{"line":85,"column":8},"end":{"line":85,"column":null}},"49":{"start":{"line":90,"column":21},"end":{"line":94,"column":null}},"50":{"start":{"line":91,"column":20},"end":{"line":91,"column":null}},"51":{"start":{"line":92,"column":20},"end":{"line":92,"column":null}},"52":{"start":{"line":93,"column":4},"end":{"line":93,"column":null}},"53":{"start":{"line":96,"column":2},"end":{"line":102,"column":null}},"54":{"start":{"line":97,"column":4},"end":{"line":98,"column":null}},"55":{"start":{"line":179,"column":23},"end":{"line":179,"column":null}}},"fnMap":{"0":{"name":"MusicPlayer","decl":{"start":{"line":14,"column":16},"end":{"line":14,"column":28}},"loc":{"start":{"line":14,"column":55},"end":{"line":184,"column":null}}},"1":{"name":"(anonymous_5)","decl":{"start":{"line":23,"column":12},"end":{"line":23,"column":null}},"loc":{"start":{"line":23,"column":12},"end":{"line":27,"column":5}}},"2":{"name":"(anonymous_6)","decl":{"start":{"line":29,"column":12},"end":{"line":29,"column":null}},"loc":{"start":{"line":29,"column":12},"end":{"line":34,"column":5}}},"3":{"name":"(anonymous_7)","decl":{"start":{"line":36,"column":21},"end":{"line":36,"column":null}},"loc":{"start":{"line":36,"column":21},"end":{"line":49,"column":null}}},"4":{"name":"(anonymous_8)","decl":{"start":{"line":51,"column":27},"end":{"line":51,"column":null}},"loc":{"start":{"line":51,"column":27},"end":{"line":55,"column":null}}},"5":{"name":"(anonymous_9)","decl":{"start":{"line":57,"column":27},"end":{"line":57,"column":null}},"loc":{"start":{"line":57,"column":27},"end":{"line":62,"column":null}}},"6":{"name":"(anonymous_10)","decl":{"start":{"line":64,"column":21},"end":{"line":64,"column":22}},"loc":{"start":{"line":64,"column":22},"end":{"line":70,"column":null}}},"7":{"name":"(anonymous_11)","decl":{"start":{"line":72,"column":29},"end":{"line":72,"column":30}},"loc":{"start":{"line":72,"column":30},"end":{"line":76,"column":null}}},"8":{"name":"(anonymous_12)","decl":{"start":{"line":78,"column":21},"end":{"line":78,"column":null}},"loc":{"start":{"line":78,"column":21},"end":{"line":88,"column":null}}},"9":{"name":"(anonymous_13)","decl":{"start":{"line":90,"column":21},"end":{"line":90,"column":22}},"loc":{"start":{"line":90,"column":22},"end":{"line":94,"column":null}}},"10":{"name":"(anonymous_14)","decl":{"start":{"line":179,"column":17},"end":{"line":179,"column":23}},"loc":{"start":{"line":179,"column":23},"end":{"line":179,"column":null}}}},"branchMap":{"0":{"loc":{"start":{"line":24,"column":4},"end":{"line":26,"column":null}},"type":"if","locations":[{"start":{"line":24,"column":4},"end":{"line":26,"column":null}}]},"1":{"loc":{"start":{"line":37,"column":4},"end":{"line":48,"column":null}},"type":"if","locations":[{"start":{"line":37,"column":4},"end":{"line":48,"column":null}}]},"2":{"loc":{"start":{"line":39,"column":8},"end":{"line":43,"column":null}},"type":"if","locations":[{"start":{"line":39,"column":8},"end":{"line":43,"column":null}},{"start":{"line":41,"column":15},"end":{"line":43,"column":null}}]},"3":{"loc":{"start":{"line":52,"column":4},"end":{"line":54,"column":null}},"type":"if","locations":[{"start":{"line":52,"column":4},"end":{"line":54,"column":null}}]},"4":{"loc":{"start":{"line":58,"column":4},"end":{"line":61,"column":null}},"type":"if","locations":[{"start":{"line":58,"column":4},"end":{"line":61,"column":null}}]},"5":{"loc":{"start":{"line":66,"column":4},"end":{"line":69,"column":null}},"type":"if","locations":[{"start":{"line":66,"column":4},"end":{"line":69,"column":null}}]},"6":{"loc":{"start":{"line":79,"column":4},"end":{"line":87,"column":null}},"type":"if","locations":[{"start":{"line":79,"column":4},"end":{"line":87,"column":null}}]},"7":{"loc":{"start":{"line":80,"column":6},"end":{"line":86,"column":null}},"type":"if","locations":[{"start":{"line":80,"column":6},"end":{"line":86,"column":null}},{"start":{"line":83,"column":13},"end":{"line":86,"column":null}}]},"8":{"loc":{"start":{"line":96,"column":2},"end":{"line":102,"column":null}},"type":"if","locations":[{"start":{"line":96,"column":2},"end":{"line":102,"column":null}}]},"9":{"loc":{"start":{"line":112,"column":24},"end":{"line":112,"column":null}},"type":"cond-expr","locations":[{"start":{"line":112,"column":34},"end":{"line":112,"column":43}},{"start":{"line":112,"column":43},"end":{"line":112,"column":null}}]},"10":{"loc":{"start":{"line":114,"column":13},"end":{"line":120,"column":11}},"type":"cond-expr","locations":[{"start":{"line":115,"column":14},"end":{"line":117,"column":15}},{"start":{"line":117,"column":14},"end":{"line":120,"column":11}}]},"11":{"loc":{"start":{"line":139,"column":24},"end":{"line":139,"column":null}},"type":"cond-expr","locations":[{"start":{"line":139,"column":36},"end":{"line":139,"column":43}},{"start":{"line":139,"column":43},"end":{"line":139,"column":null}}]},"12":{"loc":{"start":{"line":141,"column":13},"end":{"line":147,"column":11}},"type":"cond-expr","locations":[{"start":{"line":142,"column":14},"end":{"line":144,"column":15}},{"start":{"line":144,"column":14},"end":{"line":147,"column":11}}]},"13":{"loc":{"start":{"line":154,"column":19},"end":{"line":154,"column":null}},"type":"binary-expr","locations":[{"start":{"line":154,"column":19},"end":{"line":154,"column":31}},{"start":{"line":154,"column":31},"end":{"line":154,"column":null}}]},"14":{"loc":{"start":{"line":167,"column":9},"end":{"line":168,"column":null}},"type":"binary-expr","locations":[{"start":{"line":167,"column":9},"end":{"line":167,"column":null}},{"start":{"line":168,"column":10},"end":{"line":168,"column":null}}]}},"s":{"0":7,"1":2,"2":2,"3":13,"4":13,"5":13,"6":13,"7":13,"8":13,"9":13,"10":13,"11":7,"12":6,"13":13,"14":7,"15":7,"16":7,"17":7,"18":13,"19":2,"20":2,"21":2,"22":1,"23":1,"24":2,"25":0,"26":13,"27":0,"28":0,"29":13,"30":1,"31":1,"32":1,"33":13,"34":0,"35":0,"36":0,"37":0,"38":13,"39":1,"40":1,"41":1,"42":13,"43":0,"44":0,"45":0,"46":0,"47":0,"48":0,"49":13,"50":24,"51":24,"52":24,"53":13,"54":1,"55":0},"f":{"0":13,"1":7,"2":7,"3":2,"4":0,"5":1,"6":0,"7":1,"8":0,"9":24,"10":0},"b":{"0":[6],"1":[2],"2":[1,1],"3":[0],"4":[1],"5":[0],"6":[0],"7":[0,0],"8":[1],"9":[0,12],"10":[0,12],"11":[1,11],"12":[1,11],"13":[12,12],"14":[12,9]}}
,"/Users/lijinggao/Downloads/AI_music_v0.1/frontend/src/constants/pagination.ts": {"path":"/Users/lijinggao/Downloads/AI_music_v0.1/frontend/src/constants/pagination.ts","statementMap":{"0":{"start":{"line":9,"column":13},"end":{"line":9,"column":25}},"1":{"start":{"line":6,"column":13},"end":{"line":6,"column":22}},"2":{"start":{"line":6,"column":25},"end":{"line":6,"column":null}},"3":{"start":{"line":9,"column":28},"end":{"line":9,"column":null}}},"fnMap":{},"branchMap":{},"s":{"0":0,"1":13,"2":2,"3":2},"f":{},"b":{}}
,"/Users/lijinggao/Downloads/AI_music_v0.1/frontend/src/services/musicService.ts": {"path":"/Users/lijinggao/Downloads/AI_music_v0.1/frontend/src/services/musicService.ts","statementMap":{"0":{"start":{"line":5,"column":13},"end":{"line":5,"column":28}},"1":{"start":{"line":3,"column":21},"end":{"line":3,"column":null}},"2":{"start":{"line":5,"column":28},"end":{"line":45,"column":null}},"3":{"start":{"line":7,"column":21},"end":{"line":13,"column":null}},"4":{"start":{"line":15,"column":4},"end":{"line":17,"column":null}},"5":{"start":{"line":16,"column":6},"end":{"line":16,"column":null}},"6":{"start":{"line":19,"column":4},"end":{"line":19,"column":null}},"7":{"start":{"line":23,"column":21},"end":{"line":23,"column":null}},"8":{"start":{"line":25,"column":4},"end":{"line":27,"column":null}},"9":{"start":{"line":26,"column":6},"end":{"line":26,"column":null}},"10":{"start":{"line":29,"column":4},"end":{"line":29,"column":null}},"11":{"start":{"line":33,"column":21},"end":{"line":33,"column":null}},"12":{"start":{"line":35,"column":4},"end":{"line":37,"column":null}},"13":{"start":{"line":36,"column":6},"end":{"line":36,"column":null}},"14":{"start":{"line":39,"column":17},"end":{"line":39,"column":null}},"15":{"start":{"line":40,"column":4},"end":{"line":43,"column":null}}},"fnMap":{"0":{"name":"(anonymous_1)","decl":{"start":{"line":6,"column":2},"end":{"line":6,"column":8}},"loc":{"start":{"line":6,"column":53},"end":{"line":20,"column":null}}},"1":{"name":"(anonymous_2)","decl":{"start":{"line":22,"column":2},"end":{"line":22,"column":8}},"loc":{"start":{"line":22,"column":31},"end":{"line":30,"column":null}}},"2":{"name":"(anonymous_3)","decl":{"start":{"line":32,"column":2},"end":{"line":32,"column":8}},"loc":{"start":{"line":32,"column":56},"end":{"line":44,"column":null}}}},"branchMap":{"0":{"loc":{"start":{"line":3,"column":21},"end":{"line":3,"column":null}},"type":"binary-expr","locations":[{"start":{"line":3,"column":21},"end":{"line":3,"column":52}},{"start":{"line":3,"column":56},"end":{"line":3,"column":null}}]},"1":{"loc":{"start":{"line":15,"column":4},"end":{"line":17,"column":null}},"type":"if","locations":[{"start":{"line":15,"column":4},"end":{"line":17,"column":null}}]},"2":{"loc":{"start":{"line":25,"column":4},"end":{"line":27,"column":null}},"type":"if","locations":[{"start":{"line":25,"column":4},"end":{"line":27,"column":null}}]},"3":{"loc":{"start":{"line":32,"column":21},"end":{"line":32,"column":37}},"type":"default-arg","locations":[{"start":{"line":32,"column":36},"end":{"line":32,"column":37}}]},"4":{"loc":{"start":{"line":32,"column":39},"end":{"line":32,"column":56}},"type":"default-arg","locations":[{"start":{"line":32,"column":54},"end":{"line":32,"column":56}}]},"5":{"loc":{"start":{"line":35,"column":4},"end":{"line":37,"column":null}},"type":"if","locations":[{"start":{"line":35,"column":4},"end":{"line":37,"column":null}}]}},"s":{"0":2,"1":2,"2":2,"3":0,"4":0,"5":0,"6":0,"7":0,"8":0,"9":0,"10":0,"11":0,"12":0,"13":0,"14":0,"15":0},"f":{"0":0,"1":0,"2":0},"b":{"0":[2,2],"1":[0],"2":[0],"3":[0],"4":[0],"5":[0]}}
}
