TN:
SF:src/components/MusicDetails.tsx
FN:11,MusicDetails
FN:16,(anonymous_5)
FN:23,(anonymous_6)
FN:60,(anonymous_7)
FNF:4
FNH:4
FNDA:6,MusicDetails
FNDA:3,(anonymous_5)
FNDA:2,(anonymous_6)
FNDA:1,(anonymous_7)
DA:3,1
DA:4,1
DA:11,3
DA:12,6
DA:13,6
DA:14,6
DA:16,6
DA:17,3
DA:18,1
DA:19,1
DA:20,1
DA:23,2
DA:24,2
DA:25,2
DA:26,2
DA:27,1
DA:28,1
DA:30,1
DA:32,2
DA:36,2
DA:39,6
DA:40,3
DA:48,3
DA:49,2
DA:56,1
DA:57,0
DA:60,1
DA:61,1
DA:67,1
DA:70,1
LF:30
LH:29
BRDA:17,0,0,1
BRDA:30,1,0,1
BRDA:30,1,1,0
BRDA:39,2,0,3
BRDA:48,3,0,2
BRDA:56,4,0,0
BRDA:67,5,0,1
BRDA:67,5,1,0
BRDA:72,6,0,1
BRDA:72,6,1,0
BRDA:98,7,0,1
BRDA:98,7,1,1
BRF:12
BRH:8
end_of_record
TN:
SF:src/components/MusicGenerationForm.tsx
FN:12,MusicGenerationForm
FN:20,(anonymous_5)
FN:34,(anonymous_6)
FN:36,(anonymous_7)
FNF:4
FNH:4
FNDA:10,MusicGenerationForm
FNDA:2,(anonymous_5)
FNDA:3,(anonymous_6)
FNDA:3,(anonymous_7)
DA:3,1
DA:4,1
DA:12,3
DA:13,10
DA:18,10
DA:20,10
DA:21,2
DA:22,2
DA:24,2
DA:25,2
DA:26,1
DA:28,1
DA:30,2
DA:34,10
DA:35,3
DA:36,3
DA:42,10
LF:17
LH:17
BRDA:38,0,0,0
BRDA:38,0,1,3
BRDA:100,1,0,2
BRDA:100,1,1,8
BRF:4
BRH:3
end_of_record
TN:
SF:src/components/MusicList.tsx
FN:12,MusicList
FN:19,(anonymous_5)
FN:33,(anonymous_6)
FN:37,(anonymous_7)
FN:43,(anonymous_8)
FN:75,(anonymous_9)
FN:92,(anonymous_10)
FN:97,(anonymous_11)
FNF:8
FNH:7
FNDA:23,MusicList
FNDA:10,(anonymous_5)
FNDA:10,(anonymous_6)
FNDA:0,(anonymous_7)
FNDA:2,(anonymous_8)
FNDA:20,(anonymous_9)
FNDA:20,(anonymous_10)
FNDA:2,(anonymous_11)
DA:3,2
DA:4,2
DA:6,2
DA:12,10
DA:13,23
DA:14,23
DA:15,23
DA:16,23
DA:17,23
DA:19,23
DA:20,10
DA:21,10
DA:22,10
DA:23,8
DA:24,8
DA:25,8
DA:27,1
DA:29,9
DA:33,23
DA:34,10
DA:37,23
DA:38,0
DA:39,0
DA:43,23
DA:44,2
DA:45,2
DA:46,2
DA:50,23
DA:51,10
DA:59,13
DA:60,1
DA:67,12
DA:68,1
DA:75,11
DA:76,20
DA:82,20
DA:85,11
DA:86,11
DA:87,11
DA:89,11
DA:93,20
DA:97,2
LF:42
LH:40
BRDA:27,0,0,1
BRDA:27,0,1,0
BRDA:38,1,0,0
BRDA:45,2,0,2
BRDA:50,3,0,10
BRDA:59,4,0,1
BRDA:67,5,0,1
BRDA:82,6,0,20
BRDA:82,6,1,11
BRDA:97,7,0,0
BRDA:97,7,1,2
BRDA:97,8,0,2
BRDA:97,8,1,2
BRDA:99,9,0,20
BRDA:99,9,1,0
BRF:15
BRH:11
end_of_record
TN:
SF:src/components/MusicPlayer.tsx
FN:14,MusicPlayer
FN:23,(anonymous_5)
FN:29,(anonymous_6)
FN:36,(anonymous_7)
FN:51,(anonymous_8)
FN:57,(anonymous_9)
FN:64,(anonymous_10)
FN:72,(anonymous_11)
FN:78,(anonymous_12)
FN:90,(anonymous_13)
FN:179,(anonymous_14)
FNF:11
FNH:7
FNDA:13,MusicPlayer
FNDA:7,(anonymous_5)
FNDA:7,(anonymous_6)
FNDA:2,(anonymous_7)
FNDA:0,(anonymous_8)
FNDA:1,(anonymous_9)
FNDA:0,(anonymous_10)
FNDA:1,(anonymous_11)
FNDA:0,(anonymous_12)
FNDA:24,(anonymous_13)
FNDA:0,(anonymous_14)
DA:3,2
DA:4,2
DA:14,7
DA:15,13
DA:16,13
DA:17,13
DA:18,13
DA:19,13
DA:20,13
DA:21,13
DA:23,13
DA:24,7
DA:25,6
DA:29,13
DA:30,7
DA:31,7
DA:32,7
DA:33,7
DA:36,13
DA:37,2
DA:38,2
DA:39,2
DA:40,1
DA:42,1
DA:44,2
DA:46,0
DA:51,13
DA:52,0
DA:53,0
DA:57,13
DA:58,1
DA:59,1
DA:60,1
DA:64,13
DA:65,0
DA:66,0
DA:67,0
DA:68,0
DA:72,13
DA:73,1
DA:74,1
DA:75,1
DA:78,13
DA:79,0
DA:80,0
DA:81,0
DA:82,0
DA:84,0
DA:85,0
DA:90,13
DA:91,24
DA:92,24
DA:93,24
DA:96,13
DA:97,1
DA:179,0
LF:56
LH:42
BRDA:24,0,0,6
BRDA:37,1,0,2
BRDA:39,2,0,1
BRDA:39,2,1,1
BRDA:52,3,0,0
BRDA:58,4,0,1
BRDA:66,5,0,0
BRDA:79,6,0,0
BRDA:80,7,0,0
BRDA:80,7,1,0
BRDA:96,8,0,1
BRDA:112,9,0,0
BRDA:112,9,1,12
BRDA:114,10,0,0
BRDA:114,10,1,12
BRDA:139,11,0,1
BRDA:139,11,1,11
BRDA:141,12,0,1
BRDA:141,12,1,11
BRDA:154,13,0,12
BRDA:154,13,1,12
BRDA:167,14,0,12
BRDA:167,14,1,9
BRF:23
BRH:16
end_of_record
TN:
SF:src/constants/pagination.ts
FNF:0
FNH:0
DA:6,13
DA:9,2
LF:2
LH:2
BRF:0
BRH:0
end_of_record
TN:
SF:src/services/musicService.ts
FN:6,(anonymous_1)
FN:22,(anonymous_2)
FN:32,(anonymous_3)
FNF:3
FNH:0
FNDA:0,(anonymous_1)
FNDA:0,(anonymous_2)
FNDA:0,(anonymous_3)
DA:3,2
DA:5,2
DA:7,0
DA:15,0
DA:16,0
DA:19,0
DA:23,0
DA:25,0
DA:26,0
DA:29,0
DA:33,0
DA:35,0
DA:36,0
DA:39,0
DA:40,0
LF:15
LH:2
BRDA:3,0,0,2
BRDA:3,0,1,2
BRDA:15,1,0,0
BRDA:25,2,0,0
BRDA:32,3,0,0
BRDA:32,4,0,0
BRDA:35,5,0,0
BRF:7
BRH:2
end_of_record
